生成启动时间为 2016/7/27 15:20:19。
     1>项目“E:\Program\Soft-pipeline\Soft-Pipeline\Soft-Pipeline\Soft-Pipeline.vcxproj”在节点 2 上(Build 个目标)。
     1>ClCompile:
         E:\DevelopEnvironment\Visual Studio 2015\VC\bin\CL.exe /c /ZI /nologo /W3 /WX- /sdl /Od /Oy- /D WIN32 /D _DEBUG /D _WINDOWS /D _UNICODE /D UNICODE /Gm /EHsc /RTC1 /MDd /GS /fp:precise /Zc:wchar_t /Zc:forScope /Zc:inline /Fo"Debug\\" /Fd"Debug\vc140.pdb" /Gd /TP /analyze- /errorReport:prompt main.cpp
         main.cpp
     1>e:\program\soft-pipeline\soft-pipeline\soft-pipeline\main.cpp(117): warning C4101: “painStruct”: 未引用的局部变量
     1>e:\program\soft-pipeline\soft-pipeline\soft-pipeline\main.cpp(186): warning C4244: “参数”: 从“float”转换到“int”，可能丢失数据
     1>e:\program\soft-pipeline\soft-pipeline\soft-pipeline\main.cpp(187): warning C4244: “参数”: 从“float”转换到“int”，可能丢失数据
     1>e:\program\soft-pipeline\soft-pipeline\soft-pipeline\main.cpp(188): warning C4244: “参数”: 从“float”转换到“int”，可能丢失数据
       Link:
         E:\DevelopEnvironment\Visual Studio 2015\VC\bin\link.exe /ERRORREPORT:PROMPT /OUT:"E:\Program\Soft-pipeline\Soft-Pipeline\Debug\Soft-Pipeline.exe" /INCREMENTAL /NOLOGO d3d9.lib d3dx9.lib kernel32.lib user32.lib gdi32.lib winspool.lib comdlg32.lib advapi32.lib shell32.lib ole32.lib oleaut32.lib uuid.lib odbc32.lib odbccp32.lib /MANIFEST /MANIFESTUAC:"level='asInvoker' uiAccess='false'" /manifest:embed /Debug /PDB:"E:\Program\Soft-pipeline\Soft-Pipeline\Debug\Soft-Pipeline.pdb" /SUBSYSTEM:WINDOWS /TLBID:1 /DYNAMICBASE /NXCOMPAT /IMPLIB:"E:\Program\Soft-pipeline\Soft-Pipeline\Debug\Soft-Pipeline.lib" /MACHINE:X86 Debug\3dlib.obj
         Debug\main.obj
         Debug\math.obj
         Debug\mesh.obj
         Debug\rasterization.obj
         Debug\setting.obj
         Soft-Pipeline.vcxproj -> E:\Program\Soft-pipeline\Soft-Pipeline\Debug\Soft-Pipeline.exe
     1>已完成生成项目“E:\Program\Soft-pipeline\Soft-Pipeline\Soft-Pipeline\Soft-Pipeline.vcxproj”(Build 个目标)的操作。

已成功生成。

已用时间 00:00:01.89
